{"/home/travis/build/npmtest/node-npmtest-sass/test.js":{"path":"/home/travis/build/npmtest/node-npmtest-sass/test.js","s":{"1":2,"2":2,"3":2,"4":2,"5":2,"6":2,"7":2,"8":1,"9":2,"10":2,"11":1,"12":1,"13":1,"14":1,"15":2,"16":2,"17":2,"18":2,"19":1,"20":1,"21":2,"22":2,"23":2,"24":1,"25":1,"26":1,"27":1,"28":1,"29":1,"30":1,"31":1,"32":1,"33":1,"34":1,"35":1,"36":1,"37":2,"38":2,"39":1,"40":2,"41":2,"42":1,"43":2,"44":2,"45":1,"46":2,"47":2,"48":1,"49":1,"50":1,"51":1,"52":1},"b":{"1":[2,1,1,1],"2":[1,1,1,1],"3":[1,1],"4":[1,1],"5":[1,1],"6":[1,1],"7":[1,1],"8":[1,1],"9":[1,1,1],"10":[1,1],"11":[1,1],"12":[1,1],"13":[1,1],"14":[1,1],"15":[1,1],"16":[1,1]},"f":{"1":2,"2":2,"3":2,"4":2,"5":2,"6":1,"7":1,"8":2,"9":2,"10":2,"11":2,"12":1},"fnMap":{"1":{"name":"(anonymous_1)","line":12,"loc":{"start":{"line":12,"column":1},"end":{"line":12,"column":13}}},"2":{"name":"(anonymous_2)","line":19,"loc":{"start":{"line":19,"column":5},"end":{"line":19,"column":17}}},"3":{"name":"(anonymous_3)","line":23,"loc":{"start":{"line":23,"column":24},"end":{"line":23,"column":36}}},"4":{"name":"(anonymous_4)","line":61,"loc":{"start":{"line":61,"column":5},"end":{"line":61,"column":17}}},"5":{"name":"(anonymous_5)","line":82,"loc":{"start":{"line":82,"column":5},"end":{"line":82,"column":17}}},"6":{"name":"(anonymous_6)","line":102,"loc":{"start":{"line":102,"column":83},"end":{"line":105,"column":10}},"skip":true},"7":{"name":"(anonymous_7)","line":113,"loc":{"start":{"line":113,"column":77},"end":{"line":116,"column":10}},"skip":true},"8":{"name":"(anonymous_8)","line":129,"loc":{"start":{"line":129,"column":12},"end":{"line":129,"column":40}},"skip":true},"9":{"name":"(anonymous_9)","line":137,"loc":{"start":{"line":137,"column":77},"end":{"line":140,"column":10}},"skip":true},"10":{"name":"(anonymous_10)","line":148,"loc":{"start":{"line":148,"column":83},"end":{"line":151,"column":10}},"skip":true},"11":{"name":"(anonymous_11)","line":159,"loc":{"start":{"line":159,"column":79},"end":{"line":162,"column":10}},"skip":true},"12":{"name":"(anonymous_12)","line":170,"loc":{"start":{"line":170,"column":75},"end":{"line":173,"column":10}},"skip":true}},"statementMap":{"1":{"start":{"line":12,"column":0},"end":{"line":185,"column":5}},"2":{"start":{"line":14,"column":4},"end":{"line":14,"column":14}},"3":{"start":{"line":19,"column":4},"end":{"line":56,"column":9}},"4":{"start":{"line":21,"column":8},"end":{"line":21,"column":19}},"5":{"start":{"line":23,"column":8},"end":{"line":35,"column":13}},"6":{"start":{"line":24,"column":12},"end":{"line":34,"column":13}},"7":{"start":{"line":25,"column":16},"end":{"line":28,"column":30}},"8":{"start":{"line":30,"column":16},"end":{"line":33,"column":27}},"9":{"start":{"line":37,"column":8},"end":{"line":39,"column":21}},"10":{"start":{"line":40,"column":8},"end":{"line":53,"column":9}},"11":{"start":{"line":43,"column":12},"end":{"line":46,"column":14}},"12":{"start":{"line":47,"column":12},"end":{"line":47,"column":18}},"13":{"start":{"line":50,"column":12},"end":{"line":51,"column":46}},"14":{"start":{"line":52,"column":12},"end":{"line":52,"column":18}},"15":{"start":{"line":55,"column":8},"end":{"line":55,"column":35}},"16":{"start":{"line":61,"column":4},"end":{"line":63,"column":9}},"17":{"start":{"line":62,"column":8},"end":{"line":62,"column":15}},"18":{"start":{"line":64,"column":4},"end":{"line":77,"column":5}},"19":{"start":{"line":70,"column":8},"end":{"line":70,"column":14}},"20":{"start":{"line":76,"column":8},"end":{"line":76,"column":14}},"21":{"start":{"line":82,"column":4},"end":{"line":84,"column":9}},"22":{"start":{"line":83,"column":8},"end":{"line":83,"column":15}},"23":{"start":{"line":85,"column":4},"end":{"line":184,"column":5}},"24":{"start":{"line":92,"column":8},"end":{"line":94,"column":63}},"25":{"start":{"line":95,"column":8},"end":{"line":95,"column":14}},"26":{"start":{"line":102,"column":8},"end":{"line":111,"column":10},"skip":true},"27":{"start":{"line":109,"column":12},"end":{"line":109,"column":55},"skip":true},"28":{"start":{"line":110,"column":12},"end":{"line":110,"column":48},"skip":true},"29":{"start":{"line":113,"column":8},"end":{"line":126,"column":10},"skip":true},"30":{"start":{"line":120,"column":12},"end":{"line":120,"column":76},"skip":true},"31":{"start":{"line":121,"column":12},"end":{"line":121,"column":73},"skip":true},"32":{"start":{"line":122,"column":12},"end":{"line":122,"column":74},"skip":true},"33":{"start":{"line":123,"column":12},"end":{"line":123,"column":79},"skip":true},"34":{"start":{"line":124,"column":12},"end":{"line":124,"column":25},"skip":true},"35":{"start":{"line":125,"column":12},"end":{"line":125,"column":45},"skip":true},"36":{"start":{"line":128,"column":8},"end":{"line":135,"column":14},"skip":true},"37":{"start":{"line":133,"column":16},"end":{"line":133,"column":29},"skip":true},"38":{"start":{"line":134,"column":16},"end":{"line":134,"column":55},"skip":true},"39":{"start":{"line":137,"column":8},"end":{"line":146,"column":10},"skip":true},"40":{"start":{"line":144,"column":12},"end":{"line":144,"column":25},"skip":true},"41":{"start":{"line":145,"column":12},"end":{"line":145,"column":45},"skip":true},"42":{"start":{"line":148,"column":8},"end":{"line":157,"column":10},"skip":true},"43":{"start":{"line":155,"column":12},"end":{"line":155,"column":25},"skip":true},"44":{"start":{"line":156,"column":12},"end":{"line":156,"column":48},"skip":true},"45":{"start":{"line":159,"column":8},"end":{"line":168,"column":10},"skip":true},"46":{"start":{"line":166,"column":12},"end":{"line":166,"column":25},"skip":true},"47":{"start":{"line":167,"column":12},"end":{"line":167,"column":46},"skip":true},"48":{"start":{"line":170,"column":8},"end":{"line":179,"column":10},"skip":true},"49":{"start":{"line":177,"column":12},"end":{"line":177,"column":94},"skip":true},"50":{"start":{"line":178,"column":12},"end":{"line":178,"column":48},"skip":true},"51":{"start":{"line":182,"column":8},"end":{"line":182,"column":35},"skip":true},"52":{"start":{"line":183,"column":8},"end":{"line":183,"column":14},"skip":true}},"branchMap":{"1":{"line":25,"type":"binary-expr","locations":[{"start":{"line":25,"column":23},"end":{"line":25,"column":62}},{"start":{"line":26,"column":20},"end":{"line":26,"column":70}},{"start":{"line":27,"column":20},"end":{"line":27,"column":71}},{"start":{"line":28,"column":20},"end":{"line":28,"column":29}}]},"2":{"line":30,"type":"binary-expr","locations":[{"start":{"line":30,"column":23},"end":{"line":30,"column":37}},{"start":{"line":31,"column":20},"end":{"line":31,"column":61}},{"start":{"line":32,"column":20},"end":{"line":32,"column":70}},{"start":{"line":33,"column":20},"end":{"line":33,"column":26}}]},"3":{"line":37,"type":"cond-expr","locations":[{"start":{"line":38,"column":14},"end":{"line":38,"column":20}},{"start":{"line":39,"column":14},"end":{"line":39,"column":20}}]},"4":{"line":40,"type":"switch","locations":[{"start":{"line":42,"column":8},"end":{"line":47,"column":18}},{"start":{"line":49,"column":8},"end":{"line":52,"column":18}}]},"5":{"line":44,"type":"binary-expr","locations":[{"start":{"line":44,"column":16},"end":{"line":44,"column":44}},{"start":{"line":44,"column":48},"end":{"line":44,"column":66}}]},"6":{"line":50,"type":"binary-expr","locations":[{"start":{"line":50,"column":21},"end":{"line":50,"column":49}},{"start":{"line":50,"column":53},"end":{"line":50,"column":72}}]},"7":{"line":64,"type":"switch","locations":[{"start":{"line":69,"column":4},"end":{"line":70,"column":14}},{"start":{"line":75,"column":4},"end":{"line":76,"column":14}}]},"8":{"line":85,"type":"switch","locations":[{"start":{"line":90,"column":4},"end":{"line":95,"column":14}},{"start":{"line":101,"column":4},"end":{"line":183,"column":14},"skip":true}]},"9":{"line":92,"type":"binary-expr","locations":[{"start":{"line":92,"column":18},"end":{"line":92,"column":32}},{"start":{"line":93,"column":12},"end":{"line":93,"column":53}},{"start":{"line":94,"column":12},"end":{"line":94,"column":61}}]},"10":{"line":102,"type":"binary-expr","locations":[{"start":{"line":102,"column":45},"end":{"line":102,"column":79},"skip":true},{"start":{"line":102,"column":83},"end":{"line":111,"column":9},"skip":true}]},"11":{"line":113,"type":"binary-expr","locations":[{"start":{"line":113,"column":42},"end":{"line":113,"column":73},"skip":true},{"start":{"line":113,"column":77},"end":{"line":126,"column":9},"skip":true}]},"12":{"line":128,"type":"binary-expr","locations":[{"start":{"line":128,"column":48},"end":{"line":128,"column":85},"skip":true},{"start":{"line":129,"column":12},"end":{"line":135,"column":13},"skip":true}]},"13":{"line":137,"type":"binary-expr","locations":[{"start":{"line":137,"column":42},"end":{"line":137,"column":73},"skip":true},{"start":{"line":137,"column":77},"end":{"line":146,"column":9},"skip":true}]},"14":{"line":148,"type":"binary-expr","locations":[{"start":{"line":148,"column":45},"end":{"line":148,"column":79},"skip":true},{"start":{"line":148,"column":83},"end":{"line":157,"column":9},"skip":true}]},"15":{"line":159,"type":"binary-expr","locations":[{"start":{"line":159,"column":43},"end":{"line":159,"column":75},"skip":true},{"start":{"line":159,"column":79},"end":{"line":168,"column":9},"skip":true}]},"16":{"line":170,"type":"binary-expr","locations":[{"start":{"line":170,"column":41},"end":{"line":170,"column":71},"skip":true},{"start":{"line":170,"column":75},"end":{"line":179,"column":9},"skip":true}]}},"code":["/* istanbul instrument in package npmtest_sass */","/*jslint","    bitwise: true,","    browser: true,","    maxerr: 8,","    maxlen: 96,","    node: true,","    nomen: true,","    regexp: true,","    stupid: true","*/","(function () {","    'use strict';","    var local;","","","","    // run shared js-env code - pre-init","    (function () {","        // init local","        local = {};","        // init modeJs","        local.modeJs = (function () {","            try {","                return typeof navigator.userAgent === 'string' &&","                    typeof document.querySelector('body') === 'object' &&","                    typeof XMLHttpRequest.prototype.open === 'function' &&","                    'browser';","            } catch (errorCaughtBrowser) {","                return module.exports &&","                    typeof process.versions.node === 'string' &&","                    typeof require('http').createServer === 'function' &&","                    'node';","            }","        }());","        // init global","        local.global = local.modeJs === 'browser'","            ? window","            : global;","        switch (local.modeJs) {","        // re-init local from window.local","        case 'browser':","            local = local.global.utility2.objectSetDefault(","                local.global.utility2_rollup || local.global.local,","                local.global.utility2","            );","            break;","        // re-init local from example.js","        case 'node':","            local = (local.global.utility2_rollup || require('utility2'))","                .requireExampleJsFromReadme();","            break;","        }","        // export local","        local.global.local = local;","    }());","","","","    // run shared js-env code - function","    (function () {","        return;","    }());","    switch (local.modeJs) {","","","","    // run browser js-env code - function","    case 'browser':","        break;","","","","    // run node js-env code - function","    case 'node':","        break;","    }","","","","    // run shared js-env code - post-init","    (function () {","        return;","    }());","    switch (local.modeJs) {","","","","    // run browser js-env code - post-init","    case 'browser':","        // run tests","        local.nop(local.modeTest &&","            document.querySelector('#testRunButton1') &&","            document.querySelector('#testRunButton1').click());","        break;","","","","    // run node js-env code - post-init","    /* istanbul ignore next */","    case 'node':","        local.testCase_buildApidoc_default = local.testCase_buildApidoc_default || function (","            options,","            onError","        ) {","        /*","         * this function will test buildApidoc's default handling-behavior-behavior","         */","            options = { modulePathList: module.paths };","            local.buildApidoc(options, onError);","        };","","        local.testCase_buildApp_default = local.testCase_buildApp_default || function (","            options,","            onError","        ) {","        /*","         * this function will test buildApp's default handling-behavior-behavior","         */","            local.testCase_buildReadme_default(options, local.onErrorThrow);","            local.testCase_buildLib_default(options, local.onErrorThrow);","            local.testCase_buildTest_default(options, local.onErrorThrow);","            local.testCase_buildCustomOrg_default(options, local.onErrorThrow);","            options = [];","            local.buildApp(options, onError);","        };","","        local.testCase_buildCustomOrg_default = local.testCase_buildCustomOrg_default ||","            function (options, onError) {","            /*","             * this function will test buildCustomOrg's default handling-behavior","             */","                options = {};","                local.buildCustomOrg(options, onError);","            };","","        local.testCase_buildLib_default = local.testCase_buildLib_default || function (","            options,","            onError","        ) {","        /*","         * this function will test buildLib's default handling-behavior","         */","            options = {};","            local.buildLib(options, onError);","        };","","        local.testCase_buildReadme_default = local.testCase_buildReadme_default || function (","            options,","            onError","        ) {","        /*","         * this function will test buildReadme's default handling-behavior-behavior","         */","            options = {};","            local.buildReadme(options, onError);","        };","","        local.testCase_buildTest_default = local.testCase_buildTest_default || function (","            options,","            onError","        ) {","        /*","         * this function will test buildTest's default handling-behavior","         */","            options = {};","            local.buildTest(options, onError);","        };","","        local.testCase_webpage_default = local.testCase_webpage_default || function (","            options,","            onError","        ) {","        /*","         * this function will test webpage's default handling-behavior","         */","            options = { modeCoverageMerge: true, url: local.serverLocalHost + '?modeTest=1' };","            local.browserTest(options, onError);","        };","","        // run test-server","        local.testRunServer(local);","        break;","    }","}());",""],"l":{"12":2,"14":2,"19":2,"21":2,"23":2,"24":2,"25":2,"30":1,"37":2,"40":2,"43":1,"47":1,"50":1,"52":1,"55":2,"61":2,"62":2,"64":2,"70":1,"76":1,"82":2,"83":2,"85":2,"92":1,"95":1,"102":1,"109":1,"110":1,"113":1,"120":1,"121":1,"122":1,"123":1,"124":1,"125":1,"128":1,"133":2,"134":2,"137":1,"144":2,"145":2,"148":1,"155":2,"156":2,"159":1,"166":2,"167":2,"170":1,"177":1,"178":1,"182":1,"183":1}},"/home/travis/build/npmtest/node-npmtest-sass/lib.npmtest_sass.js":{"path":"/home/travis/build/npmtest/node-npmtest-sass/lib.npmtest_sass.js","s":{"1":2,"2":2,"3":2,"4":2,"5":2,"6":2,"7":2,"8":1,"9":2,"10":2,"11":2,"12":2,"13":1,"14":1,"15":1,"16":1},"b":{"1":[2,1,1,1],"2":[1,1,1,1],"3":[1,1],"4":[2,2],"5":[1,1]},"f":{"1":2,"2":2,"3":2},"fnMap":{"1":{"name":"(anonymous_1)","line":12,"loc":{"start":{"line":12,"column":1},"end":{"line":12,"column":13}}},"2":{"name":"(anonymous_2)","line":19,"loc":{"start":{"line":19,"column":5},"end":{"line":19,"column":17}}},"3":{"name":"(anonymous_3)","line":23,"loc":{"start":{"line":23,"column":24},"end":{"line":23,"column":36}}}},"statementMap":{"1":{"start":{"line":12,"column":0},"end":{"line":53,"column":5}},"2":{"start":{"line":14,"column":4},"end":{"line":14,"column":14}},"3":{"start":{"line":19,"column":4},"end":{"line":52,"column":9}},"4":{"start":{"line":21,"column":8},"end":{"line":21,"column":19}},"5":{"start":{"line":23,"column":8},"end":{"line":35,"column":13}},"6":{"start":{"line":24,"column":12},"end":{"line":34,"column":13}},"7":{"start":{"line":25,"column":16},"end":{"line":28,"column":30}},"8":{"start":{"line":30,"column":16},"end":{"line":33,"column":27}},"9":{"start":{"line":37,"column":8},"end":{"line":39,"column":21}},"10":{"start":{"line":41,"column":8},"end":{"line":41,"column":54}},"11":{"start":{"line":43,"column":8},"end":{"line":43,"column":49}},"12":{"start":{"line":45,"column":8},"end":{"line":51,"column":9}},"13":{"start":{"line":46,"column":12},"end":{"line":46,"column":55}},"14":{"start":{"line":48,"column":12},"end":{"line":48,"column":35}},"15":{"start":{"line":49,"column":12},"end":{"line":49,"column":49}},"16":{"start":{"line":50,"column":12},"end":{"line":50,"column":43}}},"branchMap":{"1":{"line":25,"type":"binary-expr","locations":[{"start":{"line":25,"column":23},"end":{"line":25,"column":62}},{"start":{"line":26,"column":20},"end":{"line":26,"column":70}},{"start":{"line":27,"column":20},"end":{"line":27,"column":71}},{"start":{"line":28,"column":20},"end":{"line":28,"column":29}}]},"2":{"line":30,"type":"binary-expr","locations":[{"start":{"line":30,"column":23},"end":{"line":30,"column":37}},{"start":{"line":31,"column":20},"end":{"line":31,"column":61}},{"start":{"line":32,"column":20},"end":{"line":32,"column":70}},{"start":{"line":33,"column":20},"end":{"line":33,"column":26}}]},"3":{"line":37,"type":"cond-expr","locations":[{"start":{"line":38,"column":14},"end":{"line":38,"column":20}},{"start":{"line":39,"column":14},"end":{"line":39,"column":20}}]},"4":{"line":41,"type":"binary-expr","locations":[{"start":{"line":41,"column":16},"end":{"line":41,"column":44}},{"start":{"line":41,"column":48},"end":{"line":41,"column":53}}]},"5":{"line":45,"type":"if","locations":[{"start":{"line":45,"column":8},"end":{"line":45,"column":8}},{"start":{"line":45,"column":8},"end":{"line":45,"column":8}}]}},"code":["/* istanbul instrument in package npmtest_sass */","/*jslint","    bitwise: true,","    browser: true,","    maxerr: 8,","    maxlen: 96,","    node: true,","    nomen: true,","    regexp: true,","    stupid: true","*/","(function () {","    'use strict';","    var local;","","","","    // run shared js-env code - pre-init","    (function () {","        // init local","        local = {};","        // init modeJs","        local.modeJs = (function () {","            try {","                return typeof navigator.userAgent === 'string' &&","                    typeof document.querySelector('body') === 'object' &&","                    typeof XMLHttpRequest.prototype.open === 'function' &&","                    'browser';","            } catch (errorCaughtBrowser) {","                return module.exports &&","                    typeof process.versions.node === 'string' &&","                    typeof require('http').createServer === 'function' &&","                    'node';","            }","        }());","        // init global","        local.global = local.modeJs === 'browser'","            ? window","            : global;","        // init utility2_rollup","        local = local.global.utility2_rollup || local;","        // init lib","        local.local = local.npmtest_sass = local;","        // init exports","        if (local.modeJs === 'browser') {","            local.global.utility2_npmtest_sass = local;","        } else {","            module.exports = local;","            module.exports.__dirname = __dirname;","            module.exports.module = module;","        }","    }());","}());",""],"l":{"12":2,"14":2,"19":2,"21":2,"23":2,"24":2,"25":2,"30":1,"37":2,"41":2,"43":2,"45":2,"46":1,"48":1,"49":1,"50":1}},"/home/travis/build/npmtest/node-npmtest-sass/example.js":{"path":"/home/travis/build/npmtest/node-npmtest-sass/example.js","s":{"1":2,"2":2,"3":2,"4":2,"5":2,"6":2,"7":2,"8":1,"9":2,"10":2,"11":2,"12":2,"13":1,"14":2,"15":2,"16":2,"17":2,"18":2,"19":0,"20":2,"21":1,"22":1,"23":1,"24":1,"25":1,"26":0,"27":0,"28":1,"29":1,"30":2,"31":0,"32":0,"33":0,"34":1,"35":2,"36":2,"37":2,"38":2,"39":2,"40":2,"41":0,"42":2,"43":2,"44":2,"45":1,"46":3,"47":1,"48":1,"49":1,"50":1,"51":1,"52":1,"53":1,"54":1,"55":1,"56":1,"57":0,"58":1,"59":6,"60":6,"61":1,"62":2,"63":0,"64":2,"65":1,"66":1,"67":0,"68":0,"69":0,"70":0,"71":0,"72":0,"73":0,"74":0,"75":0,"76":0,"77":0,"78":0,"79":0,"80":0,"81":0,"82":0,"83":0},"b":{"1":[2,1,1,1],"2":[1,1,1,1],"3":[1,1],"4":[2,2],"5":[1,1],"6":[1,1],"7":[2,0],"8":[2,1,1,1,1,1],"9":[0,2,0],"10":[1,1],"11":[2,1,1],"12":[1,0],"13":[0,2],"14":[2,0,0,0,0,0,0],"15":[0,2],"16":[2,0],"17":[1,1],"18":[0,1],"19":[1,2,0,2],"20":[1,0],"21":[1,1],"22":[0,0],"23":[0,0],"24":[0,0],"25":[0,0],"26":[0,0],"27":[0,0],"28":[0,0]},"f":{"1":2,"2":2,"3":2,"4":2,"5":2,"6":2,"7":2,"8":2,"9":3,"10":1,"11":6,"12":0},"fnMap":{"1":{"name":"(anonymous_1)","line":26,"loc":{"start":{"line":26,"column":1},"end":{"line":26,"column":13}}},"2":{"name":"(anonymous_2)","line":33,"loc":{"start":{"line":33,"column":5},"end":{"line":33,"column":17}}},"3":{"name":"(anonymous_3)","line":37,"loc":{"start":{"line":37,"column":24},"end":{"line":37,"column":36}}},"4":{"name":"(anonymous_4)","line":69,"loc":{"start":{"line":69,"column":31},"end":{"line":69,"column":48}},"skip":true},"5":{"name":"(anonymous_5)","line":78,"loc":{"start":{"line":78,"column":26},"end":{"line":78,"column":45}},"skip":true},"6":{"name":"(anonymous_6)","line":123,"loc":{"start":{"line":123,"column":33},"end":{"line":123,"column":48}},"skip":true},"7":{"name":"(anonymous_7)","line":125,"loc":{"start":{"line":125,"column":27},"end":{"line":125,"column":39}},"skip":true},"8":{"name":"(anonymous_8)","line":133,"loc":{"start":{"line":133,"column":59},"end":{"line":133,"column":74}},"skip":true},"9":{"name":"(anonymous_9)","line":143,"loc":{"start":{"line":143,"column":45},"end":{"line":143,"column":62}},"skip":true},"10":{"name":"(anonymous_10)","line":144,"loc":{"start":{"line":144,"column":73},"end":{"line":144,"column":92}},"skip":true},"11":{"name":"(anonymous_11)","line":272,"loc":{"start":{"line":272,"column":51},"end":{"line":272,"column":77}},"skip":true},"12":{"name":"(anonymous_12)","line":314,"loc":{"start":{"line":314,"column":32},"end":{"line":314,"column":61}},"skip":true}},"statementMap":{"1":{"start":{"line":26,"column":0},"end":{"line":325,"column":5}},"2":{"start":{"line":28,"column":4},"end":{"line":28,"column":14}},"3":{"start":{"line":33,"column":4},"end":{"line":60,"column":9}},"4":{"start":{"line":35,"column":8},"end":{"line":35,"column":19}},"5":{"start":{"line":37,"column":8},"end":{"line":49,"column":13}},"6":{"start":{"line":38,"column":12},"end":{"line":48,"column":13}},"7":{"start":{"line":39,"column":16},"end":{"line":42,"column":30}},"8":{"start":{"line":44,"column":16},"end":{"line":47,"column":27}},"9":{"start":{"line":51,"column":8},"end":{"line":53,"column":21}},"10":{"start":{"line":55,"column":8},"end":{"line":57,"column":45}},"11":{"start":{"line":59,"column":8},"end":{"line":59,"column":35}},"12":{"start":{"line":61,"column":4},"end":{"line":324,"column":5}},"13":{"start":{"line":69,"column":8},"end":{"line":121,"column":10},"skip":true},"14":{"start":{"line":70,"column":12},"end":{"line":88,"column":13},"skip":true},"15":{"start":{"line":76,"column":16},"end":{"line":87,"column":19},"skip":true},"16":{"start":{"line":79,"column":20},"end":{"line":86,"column":21},"skip":true},"17":{"start":{"line":82,"column":24},"end":{"line":82,"column":43},"skip":true},"18":{"start":{"line":83,"column":24},"end":{"line":83,"column":30},"skip":true},"19":{"start":{"line":85,"column":24},"end":{"line":85,"column":49},"skip":true},"20":{"start":{"line":89,"column":12},"end":{"line":107,"column":13},"skip":true},"21":{"start":{"line":92,"column":16},"end":{"line":102,"column":17},"skip":true},"22":{"start":{"line":93,"column":20},"end":{"line":93,"column":86},"skip":true},"23":{"start":{"line":94,"column":20},"end":{"line":95,"column":45},"skip":true},"24":{"start":{"line":96,"column":20},"end":{"line":96,"column":42},"skip":true},"25":{"start":{"line":97,"column":20},"end":{"line":97,"column":48},"skip":true},"26":{"start":{"line":100,"column":20},"end":{"line":100,"column":85},"skip":true},"27":{"start":{"line":101,"column":20},"end":{"line":101,"column":96},"skip":true},"28":{"start":{"line":103,"column":16},"end":{"line":103,"column":22},"skip":true},"29":{"start":{"line":106,"column":16},"end":{"line":106,"column":22},"skip":true},"30":{"start":{"line":108,"column":12},"end":{"line":120,"column":13},"skip":true},"31":{"start":{"line":114,"column":16},"end":{"line":119,"column":17},"skip":true},"32":{"start":{"line":116,"column":20},"end":{"line":116,"column":78},"skip":true},"33":{"start":{"line":118,"column":20},"end":{"line":118,"column":47},"skip":true},"34":{"start":{"line":123,"column":8},"end":{"line":141,"column":11},"skip":true},"35":{"start":{"line":124,"column":12},"end":{"line":124,"column":54},"skip":true},"36":{"start":{"line":125,"column":12},"end":{"line":140,"column":14},"skip":true},"37":{"start":{"line":126,"column":16},"end":{"line":126,"column":28},"skip":true},"38":{"start":{"line":127,"column":16},"end":{"line":127,"column":69},"skip":true},"39":{"start":{"line":128,"column":16},"end":{"line":128,"column":75},"skip":true},"40":{"start":{"line":129,"column":16},"end":{"line":131,"column":17},"skip":true},"41":{"start":{"line":130,"column":20},"end":{"line":130,"column":27},"skip":true},"42":{"start":{"line":133,"column":16},"end":{"line":137,"column":36},"skip":true},"43":{"start":{"line":134,"column":20},"end":{"line":136,"column":55},"skip":true},"44":{"start":{"line":139,"column":16},"end":{"line":139,"column":57},"skip":true},"45":{"start":{"line":143,"column":8},"end":{"line":147,"column":11},"skip":true},"46":{"start":{"line":144,"column":12},"end":{"line":146,"column":15},"skip":true},"47":{"start":{"line":145,"column":16},"end":{"line":145,"column":70},"skip":true},"48":{"start":{"line":149,"column":8},"end":{"line":149,"column":31},"skip":true},"49":{"start":{"line":150,"column":8},"end":{"line":150,"column":14},"skip":true},"50":{"start":{"line":158,"column":8},"end":{"line":158,"column":31},"skip":true},"51":{"start":{"line":160,"column":8},"end":{"line":160,"column":33},"skip":true},"52":{"start":{"line":161,"column":8},"end":{"line":161,"column":37},"skip":true},"53":{"start":{"line":162,"column":8},"end":{"line":162,"column":35},"skip":true},"54":{"start":{"line":164,"column":8},"end":{"line":164,"column":50},"skip":true},"55":{"start":{"line":166,"column":8},"end":{"line":256,"column":2},"skip":true},"56":{"start":{"line":258,"column":8},"end":{"line":286,"column":9},"skip":true},"57":{"start":{"line":259,"column":12},"end":{"line":269,"column":14},"skip":true},"58":{"start":{"line":271,"column":12},"end":{"line":285,"column":19},"skip":true},"59":{"start":{"line":274,"column":20},"end":{"line":274,"column":35},"skip":true},"60":{"start":{"line":275,"column":20},"end":{"line":284,"column":21},"skip":true},"61":{"start":{"line":277,"column":24},"end":{"line":277,"column":64},"skip":true},"62":{"start":{"line":279,"column":24},"end":{"line":279,"column":40},"skip":true},"63":{"start":{"line":281,"column":24},"end":{"line":281,"column":40},"skip":true},"64":{"start":{"line":283,"column":24},"end":{"line":283,"column":39},"skip":true},"65":{"start":{"line":288,"column":8},"end":{"line":290,"column":9},"skip":true},"66":{"start":{"line":289,"column":12},"end":{"line":289,"column":18},"skip":true},"67":{"start":{"line":291,"column":8},"end":{"line":293,"column":54},"skip":true},"68":{"start":{"line":294,"column":8},"end":{"line":301,"column":37},"skip":true},"69":{"start":{"line":302,"column":8},"end":{"line":302,"column":82},"skip":true},"70":{"start":{"line":305,"column":8},"end":{"line":307,"column":9},"skip":true},"71":{"start":{"line":306,"column":12},"end":{"line":306,"column":82},"skip":true},"72":{"start":{"line":309,"column":8},"end":{"line":311,"column":9},"skip":true},"73":{"start":{"line":310,"column":12},"end":{"line":310,"column":18},"skip":true},"74":{"start":{"line":312,"column":8},"end":{"line":312,"column":54},"skip":true},"75":{"start":{"line":313,"column":8},"end":{"line":313,"column":69},"skip":true},"76":{"start":{"line":314,"column":8},"end":{"line":322,"column":36},"skip":true},"77":{"start":{"line":315,"column":12},"end":{"line":315,"column":61},"skip":true},"78":{"start":{"line":316,"column":12},"end":{"line":319,"column":13},"skip":true},"79":{"start":{"line":317,"column":16},"end":{"line":317,"column":75},"skip":true},"80":{"start":{"line":318,"column":16},"end":{"line":318,"column":23},"skip":true},"81":{"start":{"line":320,"column":12},"end":{"line":320,"column":38},"skip":true},"82":{"start":{"line":321,"column":12},"end":{"line":321,"column":27},"skip":true},"83":{"start":{"line":323,"column":8},"end":{"line":323,"column":14},"skip":true}},"branchMap":{"1":{"line":39,"type":"binary-expr","locations":[{"start":{"line":39,"column":23},"end":{"line":39,"column":62}},{"start":{"line":40,"column":20},"end":{"line":40,"column":70}},{"start":{"line":41,"column":20},"end":{"line":41,"column":71}},{"start":{"line":42,"column":20},"end":{"line":42,"column":29}}]},"2":{"line":44,"type":"binary-expr","locations":[{"start":{"line":44,"column":23},"end":{"line":44,"column":37}},{"start":{"line":45,"column":20},"end":{"line":45,"column":61}},{"start":{"line":46,"column":20},"end":{"line":46,"column":70}},{"start":{"line":47,"column":20},"end":{"line":47,"column":26}}]},"3":{"line":51,"type":"cond-expr","locations":[{"start":{"line":52,"column":14},"end":{"line":52,"column":20}},{"start":{"line":53,"column":14},"end":{"line":53,"column":20}}]},"4":{"line":55,"type":"binary-expr","locations":[{"start":{"line":55,"column":16},"end":{"line":55,"column":44}},{"start":{"line":55,"column":49},"end":{"line":57,"column":43}}]},"5":{"line":55,"type":"cond-expr","locations":[{"start":{"line":56,"column":14},"end":{"line":56,"column":48}},{"start":{"line":57,"column":14},"end":{"line":57,"column":43}}]},"6":{"line":61,"type":"switch","locations":[{"start":{"line":68,"column":4},"end":{"line":150,"column":14},"skip":true},{"start":{"line":156,"column":4},"end":{"line":323,"column":14},"skip":true}]},"7":{"line":70,"type":"if","locations":[{"start":{"line":70,"column":12},"end":{"line":70,"column":12},"skip":true},{"start":{"line":70,"column":12},"end":{"line":70,"column":12},"skip":true}]},"8":{"line":70,"type":"binary-expr","locations":[{"start":{"line":70,"column":16},"end":{"line":70,"column":22},"skip":true},{"start":{"line":70,"column":27},"end":{"line":70,"column":32},"skip":true},{"start":{"line":71,"column":20},"end":{"line":71,"column":39},"skip":true},{"start":{"line":72,"column":20},"end":{"line":72,"column":49},"skip":true},{"start":{"line":73,"column":20},"end":{"line":73,"column":58},"skip":true},{"start":{"line":74,"column":20},"end":{"line":74,"column":69},"skip":true}]},"9":{"line":79,"type":"switch","locations":[{"start":{"line":80,"column":20},"end":{"line":80,"column":33},"skip":true},{"start":{"line":81,"column":20},"end":{"line":83,"column":30},"skip":true},{"start":{"line":84,"column":20},"end":{"line":85,"column":49},"skip":true}]},"10":{"line":89,"type":"switch","locations":[{"start":{"line":90,"column":12},"end":{"line":103,"column":22},"skip":true},{"start":{"line":105,"column":12},"end":{"line":106,"column":22},"skip":true}]},"11":{"line":89,"type":"binary-expr","locations":[{"start":{"line":89,"column":20},"end":{"line":89,"column":25},"skip":true},{"start":{"line":89,"column":29},"end":{"line":89,"column":48},"skip":true},{"start":{"line":89,"column":52},"end":{"line":89,"column":74},"skip":true}]},"12":{"line":92,"type":"if","locations":[{"start":{"line":92,"column":16},"end":{"line":92,"column":16},"skip":true},{"start":{"line":92,"column":16},"end":{"line":92,"column":16},"skip":true}]},"13":{"line":108,"type":"if","locations":[{"start":{"line":108,"column":12},"end":{"line":108,"column":12},"skip":true},{"start":{"line":108,"column":12},"end":{"line":108,"column":12},"skip":true}]},"14":{"line":108,"type":"binary-expr","locations":[{"start":{"line":108,"column":16},"end":{"line":108,"column":61},"skip":true},{"start":{"line":108,"column":66},"end":{"line":108,"column":72},"skip":true},{"start":{"line":108,"column":77},"end":{"line":108,"column":82},"skip":true},{"start":{"line":109,"column":20},"end":{"line":109,"column":39},"skip":true},{"start":{"line":110,"column":20},"end":{"line":110,"column":49},"skip":true},{"start":{"line":111,"column":20},"end":{"line":111,"column":58},"skip":true},{"start":{"line":112,"column":20},"end":{"line":112,"column":68},"skip":true}]},"15":{"line":129,"type":"if","locations":[{"start":{"line":129,"column":16},"end":{"line":129,"column":16},"skip":true},{"start":{"line":129,"column":16},"end":{"line":129,"column":16},"skip":true}]},"16":{"line":134,"type":"cond-expr","locations":[{"start":{"line":135,"column":26},"end":{"line":135,"column":29},"skip":true},{"start":{"line":136,"column":26},"end":{"line":136,"column":54},"skip":true}]},"17":{"line":164,"type":"binary-expr","locations":[{"start":{"line":164,"column":27},"end":{"line":164,"column":43},"skip":true},{"start":{"line":164,"column":47},"end":{"line":164,"column":49},"skip":true}]},"18":{"line":258,"type":"if","locations":[{"start":{"line":258,"column":8},"end":{"line":258,"column":8},"skip":true},{"start":{"line":258,"column":8},"end":{"line":258,"column":8},"skip":true}]},"19":{"line":275,"type":"switch","locations":[{"start":{"line":276,"column":20},"end":{"line":277,"column":64},"skip":true},{"start":{"line":278,"column":20},"end":{"line":279,"column":40},"skip":true},{"start":{"line":280,"column":20},"end":{"line":281,"column":40},"skip":true},{"start":{"line":282,"column":20},"end":{"line":283,"column":39},"skip":true}]},"20":{"line":288,"type":"if","locations":[{"start":{"line":288,"column":8},"end":{"line":288,"column":8},"skip":true},{"start":{"line":288,"column":8},"end":{"line":288,"column":8},"skip":true}]},"21":{"line":288,"type":"binary-expr","locations":[{"start":{"line":288,"column":12},"end":{"line":288,"column":40},"skip":true},{"start":{"line":288,"column":44},"end":{"line":288,"column":67},"skip":true}]},"22":{"line":292,"type":"binary-expr","locations":[{"start":{"line":292,"column":12},"end":{"line":292,"column":50},"skip":true},{"start":{"line":293,"column":12},"end":{"line":293,"column":53},"skip":true}]},"23":{"line":295,"type":"binary-expr","locations":[{"start":{"line":295,"column":12},"end":{"line":295,"column":62},"skip":true},{"start":{"line":296,"column":12},"end":{"line":301,"column":36},"skip":true}]},"24":{"line":302,"type":"binary-expr","locations":[{"start":{"line":302,"column":43},"end":{"line":302,"column":75},"skip":true},{"start":{"line":302,"column":79},"end":{"line":302,"column":81},"skip":true}]},"25":{"line":305,"type":"if","locations":[{"start":{"line":305,"column":8},"end":{"line":305,"column":8},"skip":true},{"start":{"line":305,"column":8},"end":{"line":305,"column":8},"skip":true}]},"26":{"line":309,"type":"if","locations":[{"start":{"line":309,"column":8},"end":{"line":309,"column":8},"skip":true},{"start":{"line":309,"column":8},"end":{"line":309,"column":8},"skip":true}]},"27":{"line":312,"type":"binary-expr","locations":[{"start":{"line":312,"column":27},"end":{"line":312,"column":43},"skip":true},{"start":{"line":312,"column":47},"end":{"line":312,"column":53},"skip":true}]},"28":{"line":316,"type":"if","locations":[{"start":{"line":316,"column":12},"end":{"line":316,"column":12},"skip":true},{"start":{"line":316,"column":12},"end":{"line":316,"column":12},"skip":true}]}},"code":["/*","example.js","","quickstart example","","instruction","    1. save this script as example.js","    2. run the shell command:","        $ npm install npmtest-sass && PORT=8081 node example.js","    3. play with the browser-demo on http://127.0.0.1:8081","*/","","","","/* istanbul instrument in package npmtest_sass */","/*jslint","    bitwise: true,","    browser: true,","    maxerr: 8,","    maxlen: 96,","    node: true,","    nomen: true,","    regexp: true,","    stupid: true","*/","(function () {","    'use strict';","    var local;","","","","    // run shared js-env code - pre-init","    (function () {","        // init local","        local = {};","        // init modeJs","        local.modeJs = (function () {","            try {","                return typeof navigator.userAgent === 'string' &&","                    typeof document.querySelector('body') === 'object' &&","                    typeof XMLHttpRequest.prototype.open === 'function' &&","                    'browser';","            } catch (errorCaughtBrowser) {","                return module.exports &&","                    typeof process.versions.node === 'string' &&","                    typeof require('http').createServer === 'function' &&","                    'node';","            }","        }());","        // init global","        local.global = local.modeJs === 'browser'","            ? window","            : global;","        // init utility2_rollup","        local = local.global.utility2_rollup || (local.modeJs === 'browser'","            ? local.global.utility2_npmtest_sass","            : global.utility2_moduleExports);","        // export local","        local.global.local = local;","    }());","    switch (local.modeJs) {","","","","    // post-init","    // run browser js-env code - post-init","    /* istanbul ignore next */","    case 'browser':","        local.testRunBrowser = function (event) {","            if (!event || (event &&","                    event.currentTarget &&","                    event.currentTarget.className &&","                    event.currentTarget.className.includes &&","                    event.currentTarget.className.includes('onreset'))) {","                // reset output","                Array.from(","                    document.querySelectorAll('body > .resettable')","                ).forEach(function (element) {","                    switch (element.tagName) {","                    case 'INPUT':","                    case 'TEXTAREA':","                        element.value = '';","                        break;","                    default:","                        element.textContent = '';","                    }","                });","            }","            switch (event && event.currentTarget && event.currentTarget.id) {","            case 'testRunButton1':","                // show tests","                if (document.querySelector('#testReportDiv1').style.display === 'none') {","                    document.querySelector('#testReportDiv1').style.display = 'block';","                    document.querySelector('#testRunButton1').textContent =","                        'hide internal test';","                    local.modeTest = true;","                    local.testRunDefault(local);","                // hide tests","                } else {","                    document.querySelector('#testReportDiv1').style.display = 'none';","                    document.querySelector('#testRunButton1').textContent = 'run internal test';","                }","                break;","            // custom-case","            default:","                break;","            }","            if (document.querySelector('#inputTextareaEval1') && (!event || (event &&","                    event.currentTarget &&","                    event.currentTarget.className &&","                    event.currentTarget.className.includes &&","                    event.currentTarget.className.includes('oneval')))) {","                // try to eval input-code","                try {","                    /*jslint evil: true*/","                    eval(document.querySelector('#inputTextareaEval1').value);","                } catch (errorCaught) {","                    console.error(errorCaught);","                }","            }","        };","        // log stderr and stdout to #outputTextareaStdout1","        ['error', 'log'].forEach(function (key) {","            console[key + '_original'] = console[key];","            console[key] = function () {","                var element;","                console[key + '_original'].apply(console, arguments);","                element = document.querySelector('#outputTextareaStdout1');","                if (!element) {","                    return;","                }","                // append text to #outputTextareaStdout1","                element.value += Array.from(arguments).map(function (arg) {","                    return typeof arg === 'string'","                        ? arg","                        : JSON.stringify(arg, null, 4);","                }).join(' ') + '\\n';","                // scroll textarea to bottom","                element.scrollTop = element.scrollHeight;","            };","        });","        // init event-handling","        ['change', 'click', 'keyup'].forEach(function (event) {","            Array.from(document.querySelectorAll('.on' + event)).forEach(function (element) {","                element.addEventListener(event, local.testRunBrowser);","            });","        });","        // run tests","        local.testRunBrowser();","        break;","","","","    // run node js-env code - post-init","    /* istanbul ignore next */","    case 'node':","        // export local","        module.exports = local;","        // require modules","        local.fs = require('fs');","        local.http = require('http');","        local.url = require('url');","        // init assets","        local.assetsDict = local.assetsDict || {};","        /* jslint-ignore-begin */","        local.assetsDict['/assets.index.template.html'] = '\\","<!doctype html>\\n\\","<html lang=\"en\">\\n\\","<head>\\n\\","<meta charset=\"UTF-8\">\\n\\","<meta name=\"viewport\" content=\"width=device-width, initial-scale=1\">\\n\\","<title>{{env.npm_package_name}} (v{{env.npm_package_version}})</title>\\n\\","<style>\\n\\","/*csslint\\n\\","    box-sizing: false,\\n\\","    universal-selector: false\\n\\","*/\\n\\","* {\\n\\","    box-sizing: border-box;\\n\\","}\\n\\","body {\\n\\","    background: #dde;\\n\\","    font-family: Arial, Helvetica, sans-serif;\\n\\","    margin: 2rem;\\n\\","}\\n\\","body > * {\\n\\","    margin-bottom: 1rem;\\n\\","}\\n\\",".utility2FooterDiv {\\n\\","    margin-top: 20px;\\n\\","    text-align: center;\\n\\","}\\n\\","</style>\\n\\","<style>\\n\\","/*csslint\\n\\","*/\\n\\","textarea {\\n\\","    font-family: monospace;\\n\\","    height: 10rem;\\n\\","    width: 100%;\\n\\","}\\n\\","textarea[readonly] {\\n\\","    background: #ddd;\\n\\","}\\n\\","</style>\\n\\","</head>\\n\\","<body>\\n\\","<!-- utility2-comment\\n\\","<div id=\"ajaxProgressDiv1\" style=\"background: #d00; height: 2px; left: 0; margin: 0; padding: 0; position: fixed; top: 0; transition: background 0.5s, width 1.5s; width: 25%;\"></div>\\n\\","utility2-comment -->\\n\\","<h1>\\n\\","<!-- utility2-comment\\n\\","    <a\\n\\","        {{#if env.npm_package_homepage}}\\n\\","        href=\"{{env.npm_package_homepage}}\"\\n\\","        {{/if env.npm_package_homepage}}\\n\\","        target=\"_blank\"\\n\\","    >\\n\\","utility2-comment -->\\n\\","        {{env.npm_package_name}} (v{{env.npm_package_version}})\\n\\","<!-- utility2-comment\\n\\","    </a>\\n\\","utility2-comment -->\\n\\","</h1>\\n\\","<h3>{{env.npm_package_description}}</h3>\\n\\","<!-- utility2-comment\\n\\","<h4><a download href=\"assets.app.js\">download standalone app</a></h4>\\n\\","<button class=\"onclick onreset\" id=\"testRunButton1\">run internal test</button><br>\\n\\","<div id=\"testReportDiv1\" style=\"display: none;\"></div>\\n\\","utility2-comment -->\\n\\","\\n\\","\\n\\","\\n\\","<label>stderr and stdout</label>\\n\\","<textarea class=\"resettable\" id=\"outputTextareaStdout1\" readonly></textarea>\\n\\","<!-- utility2-comment\\n\\","{{#if isRollup}}\\n\\","<script src=\"assets.app.js\"></script>\\n\\","{{#unless isRollup}}\\n\\","utility2-comment -->\\n\\","<script src=\"assets.utility2.rollup.js\"></script>\\n\\","<script src=\"jsonp.utility2._stateInit?callback=window.utility2._stateInit\"></script>\\n\\","<script src=\"assets.npmtest_sass.rollup.js\"></script>\\n\\","<script src=\"assets.example.js\"></script>\\n\\","<script src=\"assets.test.js\"></script>\\n\\","<!-- utility2-comment\\n\\","{{/if isRollup}}\\n\\","utility2-comment -->\\n\\","<div class=\"utility2FooterDiv\">\\n\\","    [ this app was created with\\n\\","    <a href=\"https://github.com/kaizhu256/node-utility2\" target=\"_blank\">utility2</a>\\n\\","    ]\\n\\","</div>\\n\\","</body>\\n\\","</html>\\n\\","';","        /* jslint-ignore-end */","        if (local.templateRender) {","            local.assetsDict['/'] = local.templateRender(","                local.assetsDict['/assets.index.template.html'],","                {","                    env: local.objectSetDefault(local.env, {","                        npm_package_description: 'the greatest app in the world!',","                        npm_package_name: 'my-app',","                        npm_package_nameAlias: 'my_app',","                        npm_package_version: '0.0.1'","                    })","                }","            );","        } else {","            local.assetsDict['/'] = local.assetsDict['/assets.index.template.html']","                .replace((/\\{\\{env\\.(\\w+?)\\}\\}/g), function (match0, match1) {","                    // jslint-hack","                    String(match0);","                    switch (match1) {","                    case 'npm_package_description':","                        return 'the greatest app in the world!';","                    case 'npm_package_name':","                        return 'my-app';","                    case 'npm_package_nameAlias':","                        return 'my_app';","                    case 'npm_package_version':","                        return '0.0.1';","                    }","                });","        }","        // run the cli","        if (local.global.utility2_rollup || module !== require.main) {","            break;","        }","        local.assetsDict['/assets.example.js'] =","            local.assetsDict['/assets.example.js'] ||","            local.fs.readFileSync(__filename, 'utf8');","        local.assetsDict['/assets.npmtest_sass.rollup.js'] =","            local.assetsDict['/assets.npmtest_sass.rollup.js'] ||","            local.fs.readFileSync(","                // buildCustomOrg-hack","                local.npmtest_sass.__dirname +","                    '/lib.npmtest_sass.js',","                'utf8'","            ).replace((/^#!/), '//');","        local.assetsDict['/favicon.ico'] = local.assetsDict['/favicon.ico'] || '';","        // if $npm_config_timeout_exit exists,","        // then exit this process after $npm_config_timeout_exit ms","        if (Number(process.env.npm_config_timeout_exit)) {","            setTimeout(process.exit, Number(process.env.npm_config_timeout_exit));","        }","        // start server","        if (local.global.utility2_serverHttp1) {","            break;","        }","        process.env.PORT = process.env.PORT || '8081';","        console.error('server starting on port ' + process.env.PORT);","        local.http.createServer(function (request, response) {","            request.urlParsed = local.url.parse(request.url);","            if (local.assetsDict[request.urlParsed.pathname] !== undefined) {","                response.end(local.assetsDict[request.urlParsed.pathname]);","                return;","            }","            response.statusCode = 404;","            response.end();","        }).listen(process.env.PORT);","        break;","    }","}());",""],"l":{"26":2,"28":2,"33":2,"35":2,"37":2,"38":2,"39":2,"44":1,"51":2,"55":2,"59":2,"61":2,"69":1,"70":2,"76":2,"79":2,"82":2,"83":2,"85":1,"89":2,"92":1,"93":1,"94":1,"96":1,"97":1,"100":1,"101":1,"103":1,"106":1,"108":2,"114":1,"116":1,"118":1,"123":1,"124":2,"125":2,"126":2,"127":2,"128":2,"129":2,"130":1,"133":2,"134":2,"139":2,"143":1,"144":3,"145":1,"149":1,"150":1,"158":1,"160":1,"161":1,"162":1,"164":1,"166":1,"258":1,"259":1,"271":1,"274":6,"275":6,"277":1,"279":2,"281":1,"283":2,"288":1,"289":1,"291":1,"294":1,"302":1,"305":1,"306":1,"309":1,"310":1,"312":1,"313":1,"314":1,"315":1,"316":1,"317":1,"318":1,"320":1,"321":1,"323":1}},"/home/travis/build/npmtest/node-npmtest-sass/node_modules/sass/lib/sass.js":{"path":"/home/travis/build/npmtest/node-npmtest-sass/node_modules/sass/lib/sass.js","s":{"1":1,"2":1,"3":1,"4":1,"5":1,"6":0,"7":0,"8":0,"9":0,"10":0,"11":0,"12":0,"13":0,"14":0,"15":0,"16":1,"17":0,"18":1,"19":0,"20":1,"21":0,"22":0,"23":0,"24":0,"25":1,"26":0,"27":0,"28":0,"29":0,"30":0,"31":0,"32":0,"33":0,"34":0,"35":0,"36":0,"37":0,"38":0,"39":0,"40":0,"41":0,"42":0,"43":0,"44":0,"45":0,"46":0,"47":0,"48":0,"49":0,"50":0,"51":0,"52":0,"53":0,"54":0,"55":0,"56":0,"57":0,"58":0,"59":0,"60":0,"61":0,"62":0,"63":0,"64":0,"65":0,"66":0,"67":0,"68":0,"69":0,"70":1,"71":0,"72":1,"73":0,"74":1,"75":0,"76":0,"77":0,"78":0,"79":0,"80":0,"81":1,"82":0,"83":0,"84":0,"85":0,"86":0,"87":0,"88":0,"89":0,"90":0,"91":1,"92":0,"93":0,"94":0,"95":0,"96":0,"97":0,"98":1,"99":0,"100":0,"101":0,"102":0,"103":1,"104":0,"105":0,"106":0,"107":1,"108":0,"109":0,"110":0,"111":0,"112":1,"113":0,"114":1,"115":0,"116":0,"117":1,"118":0,"119":1,"120":0},"b":{"1":[0,0],"2":[0,0],"3":[0,0],"4":[0,0],"5":[0,0,0,0,0,0,0,0,0,0,0],"6":[0,0],"7":[0,0],"8":[0,0],"9":[0,0],"10":[0,0],"11":[0,0],"12":[0,0],"13":[0,0],"14":[0,0],"15":[0,0],"16":[0,0],"17":[0,0],"18":[0,0],"19":[0,0],"20":[0,0],"21":[0,0],"22":[0,0],"23":[0,0],"24":[0,0]},"f":{"1":0,"2":0,"3":0,"4":0,"5":0,"6":0,"7":0,"8":0,"9":0,"10":0,"11":0,"12":0,"13":0,"14":0,"15":0,"16":0,"17":0,"18":0,"19":0,"20":0,"21":0,"22":0},"fnMap":{"1":{"name":"tokenize","line":50,"loc":{"start":{"line":50,"column":0},"end":{"line":50,"column":23}}},"2":{"name":"parse","line":80,"loc":{"start":{"line":80,"column":0},"end":{"line":80,"column":23}}},"3":{"name":"error","line":91,"loc":{"start":{"line":91,"column":2},"end":{"line":91,"column":22}}},"4":{"name":"reset","line":99,"loc":{"start":{"line":99,"column":2},"end":{"line":99,"column":19}}},"5":{"name":"performSubstitutions","line":110,"loc":{"start":{"line":110,"column":2},"end":{"line":110,"column":39}}},"6":{"name":"(anonymous_6)","line":111,"loc":{"start":{"line":111,"column":40},"end":{"line":111,"column":60}}},"7":{"name":"(anonymous_7)","line":114,"loc":{"start":{"line":114,"column":27},"end":{"line":114,"column":42}}},"8":{"name":"(anonymous_8)","line":149,"loc":{"start":{"line":149,"column":35},"end":{"line":149,"column":51}}},"9":{"name":"compile","line":185,"loc":{"start":{"line":185,"column":0},"end":{"line":185,"column":28}}},"10":{"name":"(anonymous_10)","line":201,"loc":{"start":{"line":201,"column":18},"end":{"line":201,"column":33}}},"11":{"name":"(anonymous_11)","line":219,"loc":{"start":{"line":219,"column":17},"end":{"line":219,"column":41}}},"12":{"name":"Selector","line":242,"loc":{"start":{"line":242,"column":0},"end":{"line":242,"column":40}}},"13":{"name":"(anonymous_13)","line":263,"loc":{"start":{"line":263,"column":26},"end":{"line":263,"column":37}}},"14":{"name":"(anonymous_14)","line":265,"loc":{"start":{"line":265,"column":40},"end":{"line":265,"column":59}}},"15":{"name":"(anonymous_15)","line":268,"loc":{"start":{"line":268,"column":20},"end":{"line":268,"column":36}}},"16":{"name":"(anonymous_16)","line":280,"loc":{"start":{"line":280,"column":28},"end":{"line":280,"column":39}}},"17":{"name":"(anonymous_17)","line":295,"loc":{"start":{"line":295,"column":27},"end":{"line":295,"column":46}}},"18":{"name":"(anonymous_18)","line":308,"loc":{"start":{"line":308,"column":30},"end":{"line":308,"column":41}}},"19":{"name":"(anonymous_19)","line":326,"loc":{"start":{"line":326,"column":30},"end":{"line":326,"column":41}}},"20":{"name":"Property","line":342,"loc":{"start":{"line":342,"column":0},"end":{"line":342,"column":29}}},"21":{"name":"(anonymous_21)","line":354,"loc":{"start":{"line":354,"column":26},"end":{"line":354,"column":37}}},"22":{"name":"(anonymous_22)","line":365,"loc":{"start":{"line":365,"column":30},"end":{"line":365,"column":41}}}},"statementMap":{"1":{"start":{"line":8,"column":0},"end":{"line":8,"column":25}},"2":{"start":{"line":14,"column":0},"end":{"line":14,"column":14}},"3":{"start":{"line":20,"column":0},"end":{"line":34,"column":1}},"4":{"start":{"line":40,"column":0},"end":{"line":40,"column":42}},"5":{"start":{"line":50,"column":0},"end":{"line":66,"column":1}},"6":{"start":{"line":51,"column":2},"end":{"line":51,"column":33}},"7":{"start":{"line":52,"column":2},"end":{"line":64,"column":3}},"8":{"start":{"line":53,"column":4},"end":{"line":58,"column":7}},"9":{"start":{"line":54,"column":6},"end":{"line":58,"column":7}},"10":{"start":{"line":55,"column":8},"end":{"line":56,"column":43}},"11":{"start":{"line":57,"column":8},"end":{"line":57,"column":13}},"12":{"start":{"line":59,"column":4},"end":{"line":63,"column":90}},"13":{"start":{"line":60,"column":6},"end":{"line":61,"column":18}},"14":{"start":{"line":63,"column":6},"end":{"line":63,"column":90}},"15":{"start":{"line":65,"column":2},"end":{"line":65,"column":14}},"16":{"start":{"line":80,"column":0},"end":{"line":175,"column":1}},"17":{"start":{"line":81,"column":2},"end":{"line":85,"column":17}},"18":{"start":{"line":91,"column":2},"end":{"line":93,"column":3}},"19":{"start":{"line":92,"column":4},"end":{"line":92,"column":63}},"20":{"start":{"line":99,"column":2},"end":{"line":104,"column":3}},"21":{"start":{"line":100,"column":4},"end":{"line":101,"column":28}},"22":{"start":{"line":101,"column":6},"end":{"line":101,"column":28}},"23":{"start":{"line":102,"column":4},"end":{"line":103,"column":32}},"24":{"start":{"line":103,"column":6},"end":{"line":103,"column":32}},"25":{"start":{"line":110,"column":2},"end":{"line":117,"column":3}},"26":{"start":{"line":111,"column":4},"end":{"line":116,"column":6}},"27":{"start":{"line":112,"column":6},"end":{"line":112,"column":41}},"28":{"start":{"line":115,"column":6},"end":{"line":115,"column":46}},"29":{"start":{"line":115,"column":29},"end":{"line":115,"column":45}},"30":{"start":{"line":121,"column":2},"end":{"line":173,"column":5}},"31":{"start":{"line":122,"column":4},"end":{"line":173,"column":5}},"32":{"start":{"line":124,"column":8},"end":{"line":130,"column":88}},"33":{"start":{"line":125,"column":10},"end":{"line":125,"column":46}},"34":{"start":{"line":126,"column":10},"end":{"line":126,"column":73}},"35":{"start":{"line":126,"column":22},"end":{"line":126,"column":73}},"36":{"start":{"line":127,"column":10},"end":{"line":127,"column":38}},"37":{"start":{"line":130,"column":10},"end":{"line":130,"column":88}},"38":{"start":{"line":131,"column":8},"end":{"line":131,"column":13}},"39":{"start":{"line":133,"column":8},"end":{"line":133,"column":15}},"40":{"start":{"line":134,"column":8},"end":{"line":134,"column":70}},"41":{"start":{"line":135,"column":8},"end":{"line":135,"column":13}},"42":{"start":{"line":137,"column":8},"end":{"line":137,"column":15}},"43":{"start":{"line":138,"column":8},"end":{"line":138,"column":54}},"44":{"start":{"line":139,"column":8},"end":{"line":140,"column":39}},"45":{"start":{"line":140,"column":10},"end":{"line":140,"column":39}},"46":{"start":{"line":141,"column":8},"end":{"line":141,"column":13}},"47":{"start":{"line":143,"column":8},"end":{"line":143,"column":15}},"48":{"start":{"line":144,"column":8},"end":{"line":144,"column":75}},"49":{"start":{"line":144,"column":23},"end":{"line":144,"column":75}},"50":{"start":{"line":145,"column":8},"end":{"line":145,"column":51}},"51":{"start":{"line":146,"column":8},"end":{"line":146,"column":64}},"52":{"start":{"line":147,"column":8},"end":{"line":147,"column":13}},"53":{"start":{"line":149,"column":8},"end":{"line":151,"column":10}},"54":{"start":{"line":150,"column":10},"end":{"line":150,"column":77}},"55":{"start":{"line":152,"column":8},"end":{"line":152,"column":13}},"56":{"start":{"line":155,"column":8},"end":{"line":155,"column":51}},"57":{"start":{"line":156,"column":8},"end":{"line":156,"column":41}},"58":{"start":{"line":157,"column":8},"end":{"line":157,"column":13}},"59":{"start":{"line":159,"column":8},"end":{"line":159,"column":50}},"60":{"start":{"line":159,"column":31},"end":{"line":159,"column":49}},"61":{"start":{"line":160,"column":8},"end":{"line":160,"column":13}},"62":{"start":{"line":162,"column":8},"end":{"line":162,"column":27}},"63":{"start":{"line":163,"column":8},"end":{"line":163,"column":13}},"64":{"start":{"line":165,"column":8},"end":{"line":165,"column":13}},"65":{"start":{"line":167,"column":8},"end":{"line":167,"column":14}},"66":{"start":{"line":168,"column":8},"end":{"line":169,"column":46}},"67":{"start":{"line":170,"column":8},"end":{"line":172,"column":59}},"68":{"start":{"line":172,"column":14},"end":{"line":172,"column":59}},"69":{"start":{"line":174,"column":2},"end":{"line":174,"column":13}},"70":{"start":{"line":185,"column":0},"end":{"line":187,"column":1}},"71":{"start":{"line":186,"column":2},"end":{"line":186,"column":29}},"72":{"start":{"line":201,"column":0},"end":{"line":203,"column":1}},"73":{"start":{"line":202,"column":2},"end":{"line":202,"column":30}},"74":{"start":{"line":219,"column":0},"end":{"line":228,"column":1}},"75":{"start":{"line":220,"column":2},"end":{"line":220,"column":25}},"76":{"start":{"line":221,"column":2},"end":{"line":222,"column":75}},"77":{"start":{"line":222,"column":4},"end":{"line":222,"column":75}},"78":{"start":{"line":223,"column":2},"end":{"line":226,"column":74}},"79":{"start":{"line":224,"column":4},"end":{"line":226,"column":74}},"80":{"start":{"line":227,"column":2},"end":{"line":227,"column":49}},"81":{"start":{"line":242,"column":0},"end":{"line":253,"column":1}},"82":{"start":{"line":243,"column":2},"end":{"line":243,"column":22}},"83":{"start":{"line":244,"column":2},"end":{"line":248,"column":3}},"84":{"start":{"line":245,"column":4},"end":{"line":245,"column":22}},"85":{"start":{"line":247,"column":4},"end":{"line":247,"column":17}},"86":{"start":{"line":249,"column":2},"end":{"line":249,"column":22}},"87":{"start":{"line":250,"column":2},"end":{"line":250,"column":20}},"88":{"start":{"line":251,"column":2},"end":{"line":251,"column":18}},"89":{"start":{"line":252,"column":2},"end":{"line":252,"column":29}},"90":{"start":{"line":252,"column":12},"end":{"line":252,"column":29}},"91":{"start":{"line":263,"column":0},"end":{"line":272,"column":1}},"92":{"start":{"line":264,"column":2},"end":{"line":264,"column":62}},"93":{"start":{"line":265,"column":2},"end":{"line":267,"column":4}},"94":{"start":{"line":266,"column":4},"end":{"line":266,"column":26}},"95":{"start":{"line":268,"column":2},"end":{"line":270,"column":4}},"96":{"start":{"line":269,"column":4},"end":{"line":269,"column":28}},"97":{"start":{"line":271,"column":2},"end":{"line":271,"column":13}},"98":{"start":{"line":280,"column":0},"end":{"line":287,"column":1}},"99":{"start":{"line":281,"column":2},"end":{"line":286,"column":3}},"100":{"start":{"line":282,"column":4},"end":{"line":282,"column":50}},"101":{"start":{"line":283,"column":4},"end":{"line":285,"column":5}},"102":{"start":{"line":284,"column":6},"end":{"line":284,"column":43}},"103":{"start":{"line":295,"column":0},"end":{"line":299,"column":1}},"104":{"start":{"line":296,"column":2},"end":{"line":296,"column":19}},"105":{"start":{"line":297,"column":2},"end":{"line":297,"column":24}},"106":{"start":{"line":298,"column":2},"end":{"line":298,"column":30}},"107":{"start":{"line":308,"column":0},"end":{"line":317,"column":1}},"108":{"start":{"line":309,"column":2},"end":{"line":309,"column":28}},"109":{"start":{"line":310,"column":2},"end":{"line":315,"column":49}},"110":{"start":{"line":311,"column":4},"end":{"line":315,"column":49}},"111":{"start":{"line":316,"column":2},"end":{"line":316,"column":17}},"112":{"start":{"line":326,"column":0},"end":{"line":330,"column":1}},"113":{"start":{"line":327,"column":2},"end":{"line":329,"column":36}},"114":{"start":{"line":342,"column":0},"end":{"line":345,"column":1}},"115":{"start":{"line":343,"column":2},"end":{"line":343,"column":18}},"116":{"start":{"line":344,"column":2},"end":{"line":344,"column":16}},"117":{"start":{"line":354,"column":0},"end":{"line":356,"column":1}},"118":{"start":{"line":355,"column":2},"end":{"line":355,"column":43}},"119":{"start":{"line":365,"column":0},"end":{"line":367,"column":1}},"120":{"start":{"line":366,"column":2},"end":{"line":366,"column":49}}},"branchMap":{"1":{"line":54,"type":"if","locations":[{"start":{"line":54,"column":6},"end":{"line":54,"column":6}},{"start":{"line":54,"column":6},"end":{"line":54,"column":6}}]},"2":{"line":59,"type":"if","locations":[{"start":{"line":59,"column":4},"end":{"line":59,"column":4}},{"start":{"line":59,"column":4},"end":{"line":59,"column":4}}]},"3":{"line":100,"type":"if","locations":[{"start":{"line":100,"column":4},"end":{"line":100,"column":4}},{"start":{"line":100,"column":4},"end":{"line":100,"column":4}}]},"4":{"line":112,"type":"binary-expr","locations":[{"start":{"line":112,"column":13},"end":{"line":112,"column":33}},{"start":{"line":112,"column":37},"end":{"line":112,"column":41}}]},"5":{"line":122,"type":"switch","locations":[{"start":{"line":123,"column":6},"end":{"line":131,"column":13}},{"start":{"line":132,"column":6},"end":{"line":135,"column":13}},{"start":{"line":136,"column":6},"end":{"line":141,"column":13}},{"start":{"line":142,"column":6},"end":{"line":147,"column":13}},{"start":{"line":148,"column":6},"end":{"line":152,"column":13}},{"start":{"line":153,"column":6},"end":{"line":153,"column":22}},{"start":{"line":154,"column":6},"end":{"line":157,"column":13}},{"start":{"line":158,"column":6},"end":{"line":160,"column":13}},{"start":{"line":161,"column":6},"end":{"line":163,"column":13}},{"start":{"line":164,"column":6},"end":{"line":165,"column":13}},{"start":{"line":166,"column":6},"end":{"line":172,"column":59}}]},"6":{"line":124,"type":"if","locations":[{"start":{"line":124,"column":8},"end":{"line":124,"column":8}},{"start":{"line":124,"column":8},"end":{"line":124,"column":8}}]},"7":{"line":126,"type":"if","locations":[{"start":{"line":126,"column":10},"end":{"line":126,"column":10}},{"start":{"line":126,"column":10},"end":{"line":126,"column":10}}]},"8":{"line":139,"type":"if","locations":[{"start":{"line":139,"column":8},"end":{"line":139,"column":8}},{"start":{"line":139,"column":8},"end":{"line":139,"column":8}}]},"9":{"line":144,"type":"if","locations":[{"start":{"line":144,"column":8},"end":{"line":144,"column":8}},{"start":{"line":144,"column":8},"end":{"line":144,"column":8}}]},"10":{"line":170,"type":"if","locations":[{"start":{"line":170,"column":8},"end":{"line":170,"column":8}},{"start":{"line":170,"column":8},"end":{"line":170,"column":8}}]},"11":{"line":170,"type":"binary-expr","locations":[{"start":{"line":170,"column":12},"end":{"line":170,"column":33}},{"start":{"line":171,"column":12},"end":{"line":171,"column":37}}]},"12":{"line":220,"type":"binary-expr","locations":[{"start":{"line":220,"column":12},"end":{"line":220,"column":19}},{"start":{"line":220,"column":23},"end":{"line":220,"column":25}}]},"13":{"line":221,"type":"if","locations":[{"start":{"line":221,"column":2},"end":{"line":221,"column":2}},{"start":{"line":221,"column":2},"end":{"line":221,"column":2}}]},"14":{"line":221,"type":"binary-expr","locations":[{"start":{"line":221,"column":6},"end":{"line":221,"column":19}},{"start":{"line":221,"column":23},"end":{"line":221,"column":40}}]},"15":{"line":223,"type":"if","locations":[{"start":{"line":223,"column":2},"end":{"line":223,"column":2}},{"start":{"line":223,"column":2},"end":{"line":223,"column":2}}]},"16":{"line":224,"type":"cond-expr","locations":[{"start":{"line":225,"column":8},"end":{"line":225,"column":31}},{"start":{"line":226,"column":8},"end":{"line":226,"column":74}}]},"17":{"line":244,"type":"if","locations":[{"start":{"line":244,"column":2},"end":{"line":244,"column":2}},{"start":{"line":244,"column":2},"end":{"line":244,"column":2}}]},"18":{"line":252,"type":"if","locations":[{"start":{"line":252,"column":2},"end":{"line":252,"column":2}},{"start":{"line":252,"column":2},"end":{"line":252,"column":2}}]},"19":{"line":281,"type":"if","locations":[{"start":{"line":281,"column":2},"end":{"line":281,"column":2}},{"start":{"line":281,"column":2},"end":{"line":281,"column":2}}]},"20":{"line":283,"type":"if","locations":[{"start":{"line":283,"column":4},"end":{"line":283,"column":4}},{"start":{"line":283,"column":4},"end":{"line":283,"column":4}}]},"21":{"line":310,"type":"if","locations":[{"start":{"line":310,"column":2},"end":{"line":310,"column":2}},{"start":{"line":310,"column":2},"end":{"line":310,"column":2}}]},"22":{"line":311,"type":"cond-expr","locations":[{"start":{"line":312,"column":8},"end":{"line":312,"column":41}},{"start":{"line":313,"column":8},"end":{"line":315,"column":49}}]},"23":{"line":313,"type":"cond-expr","locations":[{"start":{"line":314,"column":10},"end":{"line":314,"column":32}},{"start":{"line":315,"column":10},"end":{"line":315,"column":49}}]},"24":{"line":327,"type":"cond-expr","locations":[{"start":{"line":328,"column":8},"end":{"line":328,"column":69}},{"start":{"line":329,"column":8},"end":{"line":329,"column":10}}]}},"code":["","// Sass - Core - Copyright TJ Holowaychuk <tj@vision-media.ca> (MIT Licensed)","","/**"," * Library version."," */","","exports.version = '0.5.0'","","/**"," * Compiled sass cache."," */"," ","var cache = {}","","/**"," * Sass grammar tokens."," */","","var tokens = [","  ['indent', /^\\n +/],","  ['space', /^ +/],","  ['nl', /^\\n/],","  ['js', /^{(.*?)}/],","  ['comment', /^\\/\\/(.*)/],","  ['string', /^(?:'(.*?)'|\"(.*?)\")/],","  ['variable', /^!([\\w\\-]+) *= *([^\\n]+)/], ","  ['variable.alternate', /^([\\w\\-]+): +([^\\n]+)/], ","  ['property.expand', /^=([\\w\\-]+) *([^\\n]+)/], ","  ['property', /^:([\\w\\-]+) *([^\\n]+)/], ","  ['continuation', /^&(.+)/],","  ['mixin', /^\\+([\\w\\-]+)/],","  ['selector', /^(.+)/]","]","","/**"," * Vendor-specific expansion prefixes."," */","","exports.expansions = ['-moz-', '-webkit-']","","/**"," * Tokenize the given _str_."," *"," * @param  {string} str"," * @return {array}"," * @api private"," */","","function tokenize(str) {","  var token, captures, stack = []","  while (str.length) {","    for (var i = 0, len = tokens.length; i < len; ++i)","      if (captures = tokens[i][1].exec(str)) {","        token = [tokens[i][0], captures],","        str = str.replace(tokens[i][1], '')","        break","      }","    if (token)","      stack.push(token),","      token = null","    else ","      throw new Error(\"SyntaxError: near `\" + str.slice(0, 25).replace('\\n', '\\\\n') + \"'\")","  }","  return stack","}","","/**"," * Parse the given _tokens_, returning"," * and hash containing the properties below:"," *"," *   selectors: array of top-level selectors"," *   variables: hash of variables defined"," *"," * @param  {array} tokens"," * @return {hash}"," * @api private"," */","","function parse(tokens) {","  var token, selector,","      data = { variables: {}, mixins: {}, selectors: [] },","      line = 1,","      lastIndents = 0,","      indents = 0","  ","  /**","   * Output error _msg_ in context to the current line.","   */","      ","  function error(msg) {","    throw new Error('ParseError: on line ' + line + '; ' + msg)","  }","  ","  /**","   * Reset parents until the indentation levels match.","   */","  ","  function reset() {","    if (indents === 0) ","      return selector = null","    while (lastIndents-- > indents)","      selector = selector.parent","  }","","  /**","   * Replaces variables and literal javascript in the input.","   */","","  function performSubstitutions(input) {","    return input.replace(/!([\\w\\-]+)/g, function(orig, name){","      return data.variables[name] || orig","    })","    .replace(/\\{(.*?)\\}/g, function(_, js){","      with (data.variables){ return eval(js) }","    })","  }","  ","  // Parse tokens","  ","  while (token = tokens.shift())","    switch (token[0]) {","      case 'mixin':","        if (indents) {","          var mixin = data.mixins[token[1][1]]","          if (!mixin) error(\"mixin `\" + token[1][1] + \"' does not exist\")","          selector.adopt(mixin.copy())","        }","        else","          data.mixins[token[1][1]] = selector = new Selector(token[1][1], null, 'mixin')","        break","      case 'continuation':","        reset()","        selector = new Selector(token[1][1], selector, 'continuation')","        break","      case 'selector':","        reset()","        selector = new Selector(token[1][1], selector)","        if (!selector.parent) ","          data.selectors.push(selector)","        break","      case 'property':","        reset()","        if (!selector) error('properties must be nested within a selector')","        var val = performSubstitutions(token[1][2])","        selector.properties.push(new Property(token[1][1], val))","        break","      case 'property.expand':","        exports.expansions.forEach(function(prefix){","          tokens.unshift(['property', [, prefix + token[1][1], token[1][2]]])","        })","        break","      case 'variable':","      case 'variable.alternate':","        var val = performSubstitutions(token[1][2])","        data.variables[token[1][1]] = val","        break","      case 'js':","        with (data.variables){ eval(token[1][1]) }","        break","      case 'nl':","        ++line, indents = 0","        break","      case 'comment':","        break","      case 'indent':","        ++line","        lastIndents = indents,","        indents = (token[1][0].length - 1) / 2","        if (indents > lastIndents &&","            indents - 1 > lastIndents)","              error('invalid indentation, to much nesting')","    }","  return data","}","","/**"," * Compile _selectors_ to a string of css."," *"," * @param  {array} selectors"," * @return {string}"," * @api private"," */","","function compile(selectors) {","  return selectors.join('\\n')","}","","/**"," * Collect data by parsing _sass_."," * Returns a hash containing the following properties:"," *"," *   selectors: array of top-level selectors"," *   variables: hash of variables defined"," *"," * @param  {string} sass"," * @return {hash}"," * @api public"," */","","exports.collect = function(sass) {","  return parse(tokenize(sass))","}","","/**"," * Render a string of _sass_."," *"," * Options:"," *   "," *   - filename  Optional filename to aid in error reporting"," *   - cache     Optional caching of compiled content. Requires \"filename\" option"," *"," * @param  {string} sass"," * @param  {object} options"," * @return {string}"," * @api public"," */","","exports.render = function(sass, options) {","  options = options || {}","  if (options.cache && !options.filename)","    throw new Error('filename option must be passed when cache is enabled')","  if (options.cache)","    return cache[options.filename]","      ? cache[options.filename]","      : cache[options.filename] = compile(exports.collect(sass).selectors)","  return compile(exports.collect(sass).selectors)","}","","// --- Selector","","/**"," * Initialize a selector with _string_ and"," * optional _parent_."," *"," * @param  {string} string"," * @param  {Selector} parent"," * @param  {string} type"," * @api private"," */","","function Selector(string, parent, type) {","  this.string = string","  if (parent) {","    parent.adopt(this)","  } else {","    parent = null","  }","  this.properties = []","  this.children = []","  this.type = type","  if (type) this[type] = true","}","","/**"," * Return a copy of this selector.  Children and properties will be recursively"," * copied."," *"," * @return {Selector}"," * @api private"," */","","Selector.prototype.copy = function() {","  var copy = new Selector(this.string, this.parent, this.type)","  copy.properties = this.properties.map(function(property) {","    return property.copy()","  })","  this.children.map(function(child) {","    copy.adopt(child.copy())","  })","  return copy","}","","/**"," * Sets this selector to have no parent."," *"," * @api private"," */","","Selector.prototype.orphan = function() {","  if (this.parent) {","    var index = this.parent.children.indexOf(this)","    if (index !== -1) {","      this.parent.children.splice(index, 1)","    }","  }","}","","/**"," * Set another selector as one of this selector's children."," *"," * @api private"," */","","Selector.prototype.adopt = function(selector) {","  selector.orphan()","  selector.parent = this","  this.children.push(selector)","}","","/**"," * Return selector string."," *"," * @return {string}"," * @api private"," */","","Selector.prototype.selector = function() {","  var selector = this.string","  if (this.parent)","    selector = this.continuation","      ? this.parent.selector() + selector","      : this.mixin","        ? this.parent.selector()","        : this.parent.selector() + ' ' + selector","  return selector","}","","/**"," * Return selector and nested selectors as CSS."," *"," * @return {string}"," * @api private"," */","","Selector.prototype.toString = function() {","  return (this.properties.length","      ? this.selector() + ' {\\n' + this.properties.join('\\n') + '}\\n'","      : '') + this.children.join('')","}","","// --- Property","","/**"," * Initialize property with _name_ and _val_."," *"," * @param  {string} name"," * @param  {string} val"," * @api private"," */","","function Property(name, val) {","  this.name = name","  this.val = val","}","","/**"," * Return a copy of this property."," *"," * @return {Property}"," * @api private"," */","","Property.prototype.copy = function() {","  return new Property(this.name, this.val);","}","","/**"," * Return CSS string representing a property."," *"," * @return {string}"," * @api private"," */","","Property.prototype.toString = function() {","  return '  ' + this.name + ': ' + this.val + ';'","}",""],"l":{"8":1,"14":1,"20":1,"40":1,"50":1,"51":0,"52":0,"53":0,"54":0,"55":0,"57":0,"59":0,"60":0,"63":0,"65":0,"80":1,"81":0,"91":1,"92":0,"99":1,"100":0,"101":0,"102":0,"103":0,"110":1,"111":0,"112":0,"115":0,"121":0,"122":0,"124":0,"125":0,"126":0,"127":0,"130":0,"131":0,"133":0,"134":0,"135":0,"137":0,"138":0,"139":0,"140":0,"141":0,"143":0,"144":0,"145":0,"146":0,"147":0,"149":0,"150":0,"152":0,"155":0,"156":0,"157":0,"159":0,"160":0,"162":0,"163":0,"165":0,"167":0,"168":0,"170":0,"172":0,"174":0,"185":1,"186":0,"201":1,"202":0,"219":1,"220":0,"221":0,"222":0,"223":0,"224":0,"227":0,"242":1,"243":0,"244":0,"245":0,"247":0,"249":0,"250":0,"251":0,"252":0,"263":1,"264":0,"265":0,"266":0,"268":0,"269":0,"271":0,"280":1,"281":0,"282":0,"283":0,"284":0,"295":1,"296":0,"297":0,"298":0,"308":1,"309":0,"310":0,"311":0,"316":0,"326":1,"327":0,"342":1,"343":0,"344":0,"354":1,"355":0,"365":1,"366":0}},"/home/travis/build/npmtest/node-npmtest-sass/node_modules/sass/spec/node.js":{"path":"/home/travis/build/npmtest/node-npmtest-sass/node_modules/sass/spec/node.js","s":{"1":2,"2":0,"3":0,"4":0},"b":{},"f":{},"fnMap":{},"statementMap":{"1":{"start":{"line":2,"column":0},"end":{"line":2,"column":48}},"2":{"start":{"line":3,"column":0},"end":{"line":3,"column":16}},"3":{"start":{"line":4,"column":0},"end":{"line":4,"column":22}},"4":{"start":{"line":6,"column":0},"end":{"line":9,"column":11}}},"branchMap":{},"code":["","require.paths.unshift('spec', 'spec/lib', 'lib')","require('jspec')","sass = require('sass')","","JSpec","  .exec('spec/spec.core.js')","  .run({ reporter: JSpec.reporters.Terminal, fixturePath: 'spec/fixtures', failuresOnly: true })","  .report()",""],"l":{"2":2,"3":0,"4":0,"6":0}}}